1




 TEFF  4662.   LOG G   .3000   LTE 
0TITLE SDSC GRID  [-0.5]   VTURB 2.0 KM/S    L/H 1.25                            
0XSCALE   .316200   H   .91100   HE  .08900
 LI-10.88 BE-10.89 B  -9.44 C  -3.48 N  -3.99 O  -3.11 F  -7.48 NE -3.95 NA -5.71 MG -4.46
 AL -5.57 SI -4.49 P  -6.59 S  -4.83 CL -6.54 AR -5.48 K  -6.82 CA -5.68 SC -8.94 TI -7.05
 V  -8.04 CR -6.37 MN -6.65 FE -4.37 CO -7.12 NI -5.79 CU -7.83 ZN -7.44 GA -9.16 GE -8.63
 AS -9.67 SE -8.69 BR -9.41 KR -8.81 RB -9.44 SR -9.14 Y  -9.80 ZR -9.54 NB-10.62 MO-10.12
 TC-20.00 RU-10.20 RH-10.92 PD-10.35 AG-11.10 CD-10.18 IN-10.58 SN-10.04 SB-11.04 TE -9.80
 I -10.53 XE -9.81 CS-10.92 BA -9.91 LA-10.82 CE-10.49 PR-11.33 ND-10.54 PM-20.00 SM-11.04
 EU-11.53 GD-10.92 TB-11.94 DY-10.94 HO-11.78 ER-11.11 TM-12.04 YB-10.96 LU-11.28 HF-11.16
 TA-11.91 W -10.93 RE-11.77 OS-10.59 IR-10.69 PT-10.24 AU-11.03 HG-10.95 TL-11.14 PB-10.19
 BI-11.33 PO-20.00 AT-20.00 RN-20.00 FR-20.00 RA-20.00 AC-20.00 TH-11.92 PA-20.00 U -12.51
 NP-20.00 PU-20.00 AM-20.00 CM-20.00 BK-20.00 CF-20.00 ES-20.00
0H1 1 H2PLUS 1 HMINUS 1 HRAY 1 HE1 1 HE2 1 HEMINUS 1 HERAY 1 COOL 1 LUKE 1
 HOT 1 ELECTRON 1 H2RAY 1 HLINES 0 LINES 1 LINESCAT 0 XLINES 0 XLSCAT 0 XCONT 0 XSCAT 0
0IFCORR 1  IFPRES 1  IFSURF 1  IFSCAT 1  TAUSCAT  0.00E+00  IFCONV 1  MIXLTH  1.25  IFMOL 0
 IFTURB 0  TRBFDG   .00  TRBPOW   .00  TRBSND   .00  TRBCON   .00
1




         RHOX         T        P        XNE      ABROSS     PRAD      VTURB                       BHYD                         BMIN
   1 1.497790E-01   1977.9 3.306E-01 1.905E+06 9.589E-06 1.427E-03 2.000E+05  1.0000  1.0000  1.0000  1.0000  1.0000  1.0000  1.0000
   2 1.903810E-01   2562.8 4.204E-01 6.663E+06 9.928E-06 1.096E-03 2.000E+05  1.0000  1.0000  1.0000  1.0000  1.0000  1.0000  1.0000
   3 2.328980E-01   2648.1 5.145E-01 9.834E+06 1.147E-05 9.993E-04 2.000E+05  1.0000  1.0000  1.0000  1.0000  1.0000  1.0000  1.0000
   4 2.850070E-01   2697.7 6.294E-01 1.382E+07 1.316E-05 9.474E-04 2.000E+05  1.0000  1.0000  1.0000  1.0000  1.0000  1.0000  1.0000
   5 3.428710E-01   2744.4 7.564E-01 1.859E+07 1.487E-05 9.079E-04 2.000E+05  1.0000  1.0000  1.0000  1.0000  1.0000  1.0000  1.0000
   6 4.108210E-01   2788.5 9.058E-01 2.455E+07 1.664E-05 8.758E-04 2.000E+05  1.0000  1.0000  1.0000  1.0000  1.0000  1.0000  1.0000
   7 4.904300E-01   2830.5 1.080E+00 3.184E+07 1.845E-05 8.434E-04 2.000E+05  1.0000  1.0000  1.0000  1.0000  1.0000  1.0000  1.0000
   8 5.825790E-01   2871.4 1.282E+00 4.076E+07 2.037E-05 8.176E-04 2.000E+05  1.0000  1.0000  1.0000  1.0000  1.0000  1.0000  1.0000
   9 6.909230E-01   2911.4 1.519E+00 5.178E+07 2.241E-05 7.942E-04 2.000E+05  1.0000  1.0000  1.0000  1.0000  1.0000  1.0000  1.0000
  10 8.188970E-01   2950.7 1.799E+00 6.535E+07 2.460E-05 7.713E-04 2.000E+05  1.0000  1.0000  1.0000  1.0000  1.0000  1.0000  1.0000
  11 9.696050E-01   2989.7 2.127E+00 8.192E+07 2.698E-05 7.531E-04 2.000E+05  1.0000  1.0000  1.0000  1.0000  1.0000  1.0000  1.0000
  12 1.145800E+00   3028.4 2.509E+00 1.020E+08 2.958E-05 7.389E-04 2.000E+05  1.0000  1.0000  1.0000  1.0000  1.0000  1.0000  1.0000
  13 1.351900E+00   3067.2 2.956E+00 1.263E+08 3.242E-05 7.231E-04 2.000E+05  1.0000  1.0000  1.0000  1.0000  1.0000  1.0000  1.0000
  14 1.593010E+00   3106.0 3.478E+00 1.555E+08 3.554E-05 7.045E-04 2.000E+05  1.0000  1.0000  1.0000  1.0000  1.0000  1.0000  1.0000
  15 1.874970E+00   3144.8 4.086E+00 1.905E+08 3.898E-05 6.881E-04 2.000E+05  1.0000  1.0000  1.0000  1.0000  1.0000  1.0000  1.0000
  16 2.204510E+00   3183.9 4.795E+00 2.322E+08 4.279E-05 6.722E-04 2.000E+05  1.0000  1.0000  1.0000  1.0000  1.0000  1.0000  1.0000
  17 2.592450E+00   3222.6 5.629E+00 2.824E+08 4.703E-05 6.600E-04 2.000E+05  1.0000  1.0000  1.0000  1.0000  1.0000  1.0000  1.0000
  18 3.054010E+00   3261.3 6.617E+00 3.430E+08 5.177E-05 6.460E-04 2.000E+05  1.0000  1.0000  1.0000  1.0000  1.0000  1.0000  1.0000
  19 3.595370E+00   3300.4 7.770E+00 4.145E+08 5.700E-05 6.290E-04 2.000E+05  1.0000  1.0000  1.0000  1.0000  1.0000  1.0000  1.0000
  20 4.230410E+00   3338.4 9.117E+00 4.984E+08 6.279E-05 6.158E-04 2.000E+05  1.0000  1.0000  1.0000  1.0000  1.0000  1.0000  1.0000
  21 4.975080E+00   3375.8 1.069E+01 5.972E+08 6.921E-05 6.037E-04 2.000E+05  1.0000  1.0000  1.0000  1.0000  1.0000  1.0000  1.0000
  22 5.848020E+00   3412.9 1.253E+01 7.129E+08 7.629E-05 5.913E-04 2.000E+05  1.0000  1.0000  1.0000  1.0000  1.0000  1.0000  1.0000
  23 6.870750E+00   3449.3 1.468E+01 8.479E+08 8.414E-05 5.798E-04 2.000E+05  1.0000  1.0000  1.0000  1.0000  1.0000  1.0000  1.0000
  24 8.067330E+00   3484.6 1.718E+01 1.005E+09 9.292E-05 5.714E-04 2.000E+05  1.0000  1.0000  1.0000  1.0000  1.0000  1.0000  1.0000
  25 9.464680E+00   3518.7 2.009E+01 1.187E+09 1.028E-04 5.678E-04 2.000E+05  1.0000  1.0000  1.0000  1.0000  1.0000  1.0000  1.0000
  26 1.109750E+01   3551.8 2.349E+01 1.398E+09 1.138E-04 5.682E-04 2.000E+05  1.0000  1.0000  1.0000  1.0000  1.0000  1.0000  1.0000
  27 1.303290E+01   3585.0 2.750E+01 1.647E+09 1.262E-04 5.672E-04 2.000E+05  1.0000  1.0000  1.0000  1.0000  1.0000  1.0000  1.0000
  28 1.530230E+01   3617.3 3.218E+01 1.937E+09 1.400E-04 5.668E-04 2.000E+05  1.0000  1.0000  1.0000  1.0000  1.0000  1.0000  1.0000
  29 1.794830E+01   3648.8 3.762E+01 2.272E+09 1.556E-04 5.698E-04 2.000E+05  1.0000  1.0000  1.0000  1.0000  1.0000  1.0000  1.0000
  30 2.102530E+01   3679.3 4.393E+01 2.658E+09 1.734E-04 5.776E-04 2.000E+05  1.0000  1.0000  1.0000  1.0000  1.0000  1.0000  1.0000
  31 2.459380E+01   3709.1 5.122E+01 3.103E+09 1.935E-04 5.902E-04 2.000E+05  1.0000  1.0000  1.0000  1.0000  1.0000  1.0000  1.0000
  32 2.872780E+01   3738.5 5.966E+01 3.616E+09 2.160E-04 6.060E-04 2.000E+05  1.0000  1.0000  1.0000  1.0000  1.0000  1.0000  1.0000
  33 3.351390E+01   3767.8 6.941E+01 4.206E+09 2.412E-04 6.235E-04 2.000E+05  1.0000  1.0000  1.0000  1.0000  1.0000  1.0000  1.0000
  34 3.904770E+01   3797.0 8.065E+01 4.886E+09 2.695E-04 6.431E-04 2.000E+05  1.0000  1.0000  1.0000  1.0000  1.0000  1.0000  1.0000
  35 4.543800E+01   3826.0 9.361E+01 5.667E+09 3.014E-04 6.665E-04 2.000E+05  1.0000  1.0000  1.0000  1.0000  1.0000  1.0000  1.0000
  36 5.287540E+01   3854.9 1.087E+02 6.573E+09 3.379E-04 6.961E-04 2.000E+05  1.0000  1.0000  1.0000  1.0000  1.0000  1.0000  1.0000
  37 6.152580E+01   3884.2 1.262E+02 7.623E+09 3.796E-04 7.325E-04 2.000E+05  1.0000  1.0000  1.0000  1.0000  1.0000  1.0000  1.0000
  38 7.148460E+01   3914.4 1.464E+02 8.833E+09 4.268E-04 7.748E-04 2.000E+05  1.0000  1.0000  1.0000  1.0000  1.0000  1.0000  1.0000
  39 8.295000E+01   3945.9 1.695E+02 1.023E+10 4.799E-04 8.218E-04 2.000E+05  1.0000  1.0000  1.0000  1.0000  1.0000  1.0000  1.0000
  40 9.614030E+01   3979.3 1.961E+02 1.184E+10 5.396E-04 8.741E-04 2.000E+05  1.0000  1.0000  1.0000  1.0000  1.0000  1.0000  1.0000
  41 1.112920E+02   4015.1 2.266E+02 1.370E+10 6.073E-04 9.337E-04 2.000E+05  1.0000  1.0000  1.0000  1.0000  1.0000  1.0000  1.0000
  42 1.286640E+02   4053.8 2.616E+02 1.586E+10 6.841E-04 1.002E-03 2.000E+05  1.0000  1.0000  1.0000  1.0000  1.0000  1.0000  1.0000
  43 1.485550E+02   4096.4 3.017E+02 1.837E+10 7.711E-04 1.078E-03 2.000E+05  1.0000  1.0000  1.0000  1.0000  1.0000  1.0000  1.0000
  44 1.712870E+02   4143.7 3.474E+02 2.130E+10 8.700E-04 1.164E-03 2.000E+05  1.0000  1.0000  1.0000  1.0000  1.0000  1.0000  1.0000
  45 1.973070E+02   4197.0 3.999E+02 2.478E+10 9.821E-04 1.260E-03 2.000E+05  1.0000  1.0000  1.0000  1.0000  1.0000  1.0000  1.0000
  46 2.273500E+02   4257.5 4.605E+02 2.906E+10 1.115E-03 1.371E-03 2.000E+05  1.0000  1.0000  1.0000  1.0000  1.0000  1.0000  1.0000
  47 2.612340E+02   4326.7 5.290E+02 3.437E+10 1.276E-03 1.508E-03 2.000E+05  1.0000  1.0000  1.0000  1.0000  1.0000  1.0000  1.0000
  48 2.989580E+02   4404.6 6.057E+02 4.128E+10 1.476E-03 1.679E-03 2.000E+05  1.0000  1.0000  1.0000  1.0000  1.0000  1.0000  1.0000
  49 3.400540E+02   4493.2 6.897E+02 5.082E+10 1.744E-03 1.910E-03 2.000E+05  1.0000  1.0000  1.0000  1.0000  1.0000  1.0000  1.0000
  50 3.835660E+02   4591.9 7.792E+02 6.474E+10 2.122E-03 2.249E-03 2.000E+05  1.0000  1.0000  1.0000  1.0000  1.0000  1.0000  1.0000
  51 4.276520E+02   4704.8 8.709E+02 8.720E+10 2.708E-03 2.776E-03 2.000E+05  1.0000  1.0000  1.0000  1.0000  1.0000  1.0000  1.0000
  52 4.695820E+02   4843.7 9.591E+02 1.254E+11 3.666E-03 3.583E-03 2.000E+05  1.0000  1.0000  1.0000  1.0000  1.0000  1.0000  1.0000
  53 5.070810E+02   5001.8 1.037E+03 1.922E+11 5.239E-03 4.709E-03 2.000E+05  1.0000  1.0000  1.0000  1.0000  1.0000  1.0000  1.0000
  54 5.438130E+02   5129.5 1.112E+03 2.788E+11 7.164E-03 5.911E-03 2.000E+05  1.0000  1.0000  1.0000  1.0000  1.0000  1.0000  1.0000
  55 5.794150E+02   5245.2 1.188E+03 3.959E+11 9.617E-03 7.650E-03 2.000E+05  1.0000  1.0000  1.0000  1.0000  1.0000  1.0000  1.0000
  56 6.103040E+02   5405.7 1.253E+03 6.291E+11 1.423E-02 1.113E-02 2.000E+05  1.0000  1.0000  1.0000  1.0000  1.0000  1.0000  1.0000
  57 6.364400E+02   5597.4 1.308E+03 1.036E+12 2.191E-02 1.665E-02 2.000E+05  1.0000  1.0000  1.0000  1.0000  1.0000  1.0000  1.0000
  58 6.580830E+02   5805.7 1.354E+03 1.707E+12 3.405E-02 2.483E-02 2.000E+05  1.0000  1.0000  1.0000  1.0000  1.0000  1.0000  1.0000
  59 6.757920E+02   6026.2 1.391E+03 2.772E+12 5.285E-02 3.690E-02 2.000E+05  1.0000  1.0000  1.0000  1.0000  1.0000  1.0000  1.0000
  60 6.893540E+02   6271.5 1.420E+03 4.741E+12 8.765E-02 5.883E-02 2.000E+05  1.0000  1.0000  1.0000  1.0000  1.0000  1.0000  1.0000
  61 6.996960E+02   6545.3 1.441E+03 8.232E+12 1.520E-01 9.461E-02 2.000E+05  1.0000  1.0000  1.0000  1.0000  1.0000  1.0000  1.0000
  62 7.078130E+02   6824.4 1.458E+03 1.352E+13 2.574E-01 1.500E-01 2.000E+05  1.0000  1.0000  1.0000  1.0000  1.0000  1.0000  1.0000
  63 7.138680E+02   7124.6 1.470E+03 2.224E+13 4.573E-01 2.454E-01 2.000E+05  1.0000  1.0000  1.0000  1.0000  1.0000  1.0000  1.0000
  64 7.183280E+02   7444.2 1.479E+03 3.507E+13 7.933E-01 3.407E-01 2.000E+05  1.0000  1.0000  1.0000  1.0000  1.0000  1.0000  1.0000
  65 7.218410E+02   7725.8 1.485E+03 5.049E+13 1.262E+00 3.290E-01 2.000E+05  1.0000  1.0000  1.0000  1.0000  1.0000  1.0000  1.0000
  66 7.251880E+02   7903.6 1.492E+03 6.308E+13 1.703E+00 2.674E-01 2.000E+05  1.0000  1.0000  1.0000  1.0000  1.0000  1.0000  1.0000
  67 7.284570E+02   8068.9 1.498E+03 7.674E+13 2.238E+00 2.427E-01 2.000E+05  1.0000  1.0000  1.0000  1.0000  1.0000  1.0000  1.0000
  68 7.318940E+02   8194.1 1.505E+03 8.858E+13 2.744E+00 2.077E-01 2.000E+05  1.0000  1.0000  1.0000  1.0000  1.0000  1.0000  1.0000
  69 7.354830E+02   8326.3 1.513E+03 1.022E+14 3.382E+00 1.966E-01 2.000E+05  1.0000  1.0000  1.0000  1.0000  1.0000  1.0000  1.0000
  70 7.394050E+02   8434.1 1.520E+03 1.145E+14 3.994E+00 1.715E-01 2.000E+05  1.0000  1.0000  1.0000  1.0000  1.0000  1.0000  1.0000
  71 7.436290E+02   8553.2 1.529E+03 1.291E+14 4.775E+00 1.676E-01 2.000E+05  1.0000  1.0000  1.0000  1.0000  1.0000  1.0000  1.0000
  72 7.483120E+02   8659.1 1.539E+03 1.430E+14 5.569E+00 1.617E-01 2.000E+05  1.0000  1.0000  1.0000  1.0000  1.0000  1.0000  1.0000
1
1



                                                  ELECTRON CONTRIBUTIONS
       H     HE    C     NA    MG    AL    SI    K     CA    FE    H     HE    C     NA    MG    AL    SI    K     CA    FE
   1  .000  .000  .000  .734  .000  .045  .000  .060  .159  .000  .000  .000  .000  .947  .000  .042  .000  .999  .192  .000
   2  .000  .000  .000  .128  .385  .172  .014  .010  .137  .154  .000  .000  .000 1.000  .169  .970  .007 1.000  .995  .055
   3  .000  .000  .000  .091  .455  .123  .021  .007  .097  .206  .000  .000  .000 1.000  .281  .980  .014 1.000  .997  .103
   4  .000  .000  .000  .077  .474  .105  .025  .006  .083  .231  .000  .000  .000 1.000  .345  .983  .019 1.000  .997  .137
   5  .000  .000  .000  .067  .484  .091  .029  .005  .071  .254  .000  .000  .000 1.000  .408  .985  .026 1.000  .998  .174
   6  .000  .000  .000  .059  .487  .080  .033  .005  .063  .275  .000  .000  .000 1.000  .467  .987  .034 1.000  .998  .214
   7  .000  .000  .000  .052  .486  .071  .037  .004  .056  .294  .000  .000  .000 1.000  .522  .988  .043 1.000  .998  .257
   8  .000  .000  .000  .047  .482  .064  .042  .004  .050  .311  .000  .000  .000 1.000  .574  .990  .054 1.000  .998  .301
   9  .000  .000  .000  .043  .475  .059  .047  .003  .046  .327  .000  .000  .000 1.000  .621  .991  .066 1.000  .999  .347
  10  .000  .000  .000  .040  .467  .054  .053  .003  .042  .341  .000  .000  .000 1.000  .664  .992  .081 1.000  .999  .393
  11  .000  .000  .000  .037  .459  .050  .059  .003  .039  .353  .000  .000  .000 1.000  .703  .992  .097 1.000  .999  .440
  12  .000  .000  .000  .034  .449  .047  .066  .003  .037  .365  .000  .000  .000 1.000  .739  .993  .116 1.000  .999  .487
  13  .000  .000  .000  .032  .440  .044  .074  .002  .034  .374  .000  .000  .000 1.000  .771  .994  .138 1.000  .999  .533
  14  .000  .000  .000  .030  .430  .041  .082  .002  .032  .382  .000  .000  .000 1.000  .800  .994  .163 1.000  .999  .578
  15  .000  .000  .000  .029  .420  .039  .090  .002  .031  .389  .000  .000  .000 1.000  .825  .995  .190 1.000  .999  .621
  16  .000  .000  .000  .027  .410  .037  .100  .002  .029  .394  .000  .000  .000 1.000  .848  .995  .221 1.000  .999  .662
  17  .000  .000  .000  .026  .401  .036  .110  .002  .028  .398  .000  .000  .000 1.000  .867  .996  .254 1.000  .999  .699
  18  .000  .000  .000  .025  .393  .034  .119  .002  .027  .400  .000  .000  .000 1.000  .884  .996  .288 1.000  .999  .732
  19  .000  .000  .000  .024  .384  .033  .130  .002  .026  .402  .000  .000  .000 1.000  .899  .996  .325 1.000  .999  .763
  20  .000  .000  .000  .023  .377  .032  .139  .002  .025  .402  .000  .000  .000 1.000  .911  .996  .361 1.000 1.000  .789
  21  .000  .000  .000  .023  .370  .031  .149  .002  .024  .402  .000  .000  .000 1.000  .921  .997  .396 1.000 1.000  .812
  22  .000  .000  .000  .022  .364  .030  .158  .002  .024  .401  .000  .000  .000 1.000  .930  .997  .432 1.000 1.000  .832
  23  .000  .000  .000  .022  .359  .030  .166  .002  .023  .400  .000  .000  .000 1.000  .937  .997  .465 1.000 1.000  .849
  24  .000  .000  .000  .021  .354  .029  .174  .002  .023  .398  .000  .000  .000 1.000  .944  .997  .496 1.000 1.000  .864
  25  .000  .000  .000  .021  .350  .029  .180  .002  .022  .397  .000  .000  .000 1.000  .949  .997  .524 1.000 1.000  .875
  26  .001  .000  .000  .020  .346  .028  .186  .002  .022  .395  .000  .000  .000 1.000  .953  .997  .549 1.000 1.000  .885
  27  .001  .000  .000  .020  .343  .028  .192  .002  .022  .394  .000  .000  .000 1.000  .956  .998  .573 1.000 1.000  .894
  28  .001  .000  .000  .020  .340  .027  .197  .002  .021  .393  .000  .000  .000 1.000  .959  .998  .595 1.000 1.000  .902
  29  .001  .000  .000  .020  .337  .027  .201  .002  .021  .392  .000  .000  .000 1.000  .962  .998  .614 1.000 1.000  .908
  30  .001  .000  .000  .020  .335  .027  .204  .002  .021  .390  .000  .000  .000 1.000  .964  .998  .630 1.000 1.000  .913
  31  .002  .000  .000  .019  .333  .027  .208  .002  .021  .389  .000  .000  .000 1.000  .966  .998  .645 1.000 1.000  .918
  32  .002  .000  .000  .019  .331  .027  .210  .001  .021  .388  .000  .000  .000 1.000  .967  .998  .659 1.000 1.000  .922
  33  .002  .000  .000  .019  .329  .026  .213  .001  .020  .387  .000  .000  .000 1.000  .969  .998  .671 1.000 1.000  .925
  34  .003  .000  .001  .019  .328  .026  .215  .001  .020  .386  .000  .000  .000 1.000  .970  .998  .683 1.000 1.000  .928
  35  .003  .000  .001  .019  .326  .026  .218  .001  .020  .385  .000  .000  .000 1.000  .971  .998  .694 1.000 1.000  .932
  36  .004  .000  .001  .019  .325  .026  .220  .001  .020  .384  .000  .000  .000 1.000  .972  .998  .705 1.000 1.000  .934
  37  .005  .000  .001  .019  .323  .026  .222  .001  .020  .383  .000  .000  .000 1.000  .973  .998  .715 1.000 1.000  .937
  38  .006  .000  .001  .019  .322  .026  .224  .001  .020  .382  .000  .000  .000 1.000  .974  .998  .725 1.000 1.000  .939
  39  .007  .000  .001  .018  .320  .025  .226  .001  .020  .381  .000  .000  .000 1.000  .975  .998  .737 1.000 1.000  .942
  40  .008  .000  .001  .018  .318  .025  .228  .001  .020  .379  .000  .000  .000 1.000  .977  .998  .750 1.000 1.000  .946
  41  .010  .000  .001  .018  .316  .025  .230  .001  .019  .377  .000  .000  .000 1.000  .978  .998  .764 1.000 1.000  .949
  42  .013  .000  .002  .018  .314  .025  .233  .001  .019  .375  .000  .000  .001 1.000  .980  .998  .781 1.000 1.000  .953
  43  .017  .000  .002  .018  .310  .024  .236  .001  .019  .373  .000  .000  .001 1.000  .982  .998  .800 1.000 1.000  .958
  44  .023  .000  .002  .018  .306  .024  .238  .001  .019  .369  .000  .000  .001 1.000  .984  .998  .820 1.000 1.000  .963
  45  .032  .000  .003  .017  .301  .024  .240  .001  .018  .364  .000  .000  .001 1.000  .986  .998  .843 1.000 1.000  .968
  46  .046  .000  .004  .017  .294  .023  .240  .001  .018  .356  .000  .000  .001 1.000  .988  .998  .866 1.000 1.000  .973
  47  .071  .000  .006  .016  .284  .022  .238  .001  .017  .345  .000  .000  .002 1.000  .990  .999  .889 1.000 1.000  .978
  48  .110  .000  .008  .015  .269  .021  .231  .001  .016  .328  .000  .000  .003 1.000  .992  .999  .911 1.000 1.000  .982
  49  .174  .000  .011  .014  .248  .019  .216  .001  .015  .302  .000  .000  .005 1.000  .994  .999  .929 1.000 1.001  .986
  50  .266  .000  .015  .012  .218  .017  .193  .001  .013  .266  .000  .000  .007 1.000  .995  .999  .944 1.000 1.001  .989
  51  .388  .000  .018  .010  .179  .014  .160  .001  .011  .219  .000  .000  .011 1.000  .996  .999  .956 1.000 1.002  .991
  52  .540  .000  .021  .007  .132  .010  .119  .001  .008  .162  .000  .000  .017 1.000  .997  .999  .965 1.000 1.003  .993
  53  .682  .000  .022  .005  .089  .007  .081  .000  .005  .109  .000  .000  .026 1.000  .997  .999  .971 1.000 1.004  .994
  54  .766  .000  .022  .004  .064  .005  .058  .000  .004  .078  .000  .000  .036 1.000  .997  .999  .975 1.000 1.006  .995
  55  .822  .000  .020  .003  .047  .004  .043  .000  .003  .058  .000  .000  .045 1.000  .998  .999  .977 1.000 1.008  .995
  56  .878  .000  .018  .002  .031  .002  .028  .000  .002  .038  .000  .000  .062 1.000  .998  .999  .980 1.000 1.012  .996
  57  .921  .000  .016  .001  .019  .001  .017  .000  .001  .023  .001  .000  .088 1.000  .998  .999  .982 1.000 1.018  .996
  58  .949  .000  .013  .001  .011  .001  .010  .000  .001  .014  .001  .000  .122 1.000  .998  .999  .985 1.000 1.026  .997
  59  .967  .000  .011  .000  .007  .001  .006  .000  .000  .008  .002  .000  .167 1.000  .999  .999  .987 1.000 1.039  .997
  60  .979  .000  .008  .000  .004  .000  .004  .000  .000  .005  .003  .000  .227 1.000  .999  .999  .988 1.000 1.057  .997
  61  .986  .000  .006  .000  .002  .000  .002  .000  .000  .003  .005  .000  .303 1.000  .999  .999  .990 1.000 1.084  .998
  62  .991  .000  .005  .000  .001  .000  .001  .000  .000  .002  .009  .000  .386 1.000 1.000  .999  .991 1.000 1.119  .998
  63  .994  .000  .003  .000  .001  .000  .001  .000  .000  .001  .016  .000  .477 1.000 1.000  .999  .992 1.000 1.167  .998
  64  .996  .000  .002  .000  .000  .000  .000  .000  .000  .001  .027  .000  .569 1.000 1.002  .999  .994 1.000 1.229  .999
  65  .997  .000  .002  .000  .000  .000  .000  .000  .000  .000  .042  .000  .642 1.000 1.004  .999  .994 1.000 1.291  .999
  66  .998  .000  .001  .000  .000  .000  .000  .000  .000  .000  .054  .000  .684 1.000 1.006  .999  .995 1.000 1.327 1.000
  67  .998  .000  .001  .000  .000  .000  .000  .000  .000  .000  .068  .000  .719 1.000 1.008  .999  .996 1.000 1.368 1.000
  68  .998  .000  .001  .000  .000  .000  .000  .000  .000  .000  .080  .000  .743 1.000 1.010  .999  .996 1.000 1.400 1.001
  69  .999  .000  .001  .000  .000  .000  .000  .000  .000  .000  .094  .000  .767 1.000 1.013 1.000  .996 1.000 1.432 1.001
  70  .999  .000  .001  .000  .000  .000  .000  .000  .000  .000  .108  .000  .786 1.000 1.016 1.000  .997 1.000 1.459 1.002
  71  .999  .000  .001  .000  .000  .000  .000  .000  .000  .000  .124  .000  .804 1.000 1.019 1.000  .997 1.000 1.518 1.003
  72  .999  .000  .001  .000  .000  .000  .000  .000  .000  .000  .140  .000  .819 1.000 1.022 1.000  .998 1.000 1.538 1.003



  603.4230  -.340  1.0   12420.808  2.0   28992.758    60.01                    
  603.4230 356  7.78 -5.78 -7.72     0 0  0   .000  0   .000                    
                                                                              
    RESULT:
       603.4230  7.78 -5.78 -7.72  2.59     10.00   -10.458

                 Vturb, EW(mA) =    6.100    100.00

                   i   logN(0)     logN(12)   EW(mA)   logTau



  481.5820  -.890  1.0    1451.783  2.0   22216.463    62.01                    
  481.5820 368  7.98 -5.95 -7.77     0 0  0   .000  0   .000                    
                                                                              
    RESULT:
       481.5820  7.98 -5.95 -7.77  2.31     18.90   -11.136

                 Vturb, EW(mA) =    6.100    189.00

                   i   logN(0)     logN(12)   EW(mA)   logTau



  604.9510  -.420  1.0   10323.788  2.0   26853.881    63.01                    
  604.9510 374  7.78 -5.89 -7.75     0 0  0   .000  0   .000                    
                                                                              
    RESULT:
       604.9510  7.78 -5.89 -7.75  2.64      7.05   -11.632

                 Vturb, EW(mA) =    6.100     70.50

                   i   logN(0)     logN(12)   EW(mA)   logTau



  664.5130   .290  1.0   11130.335  2.0   26178.793    63.01                    
  664.5130 374  7.70 -5.91 -7.76     0 0  0   .000  0   .000                    
                                                                              
    RESULT:
       664.5130  7.70 -5.91 -7.76  2.49     14.50   -11.777

                 Vturb, EW(mA) =    6.100    145.00

                   i   logN(0)     logN(12)   EW(mA)   logTau



  573.3890  -.380  1.0   11049.681  2.0   28489.666    64.01                    
  573.3890 380  7.83 -5.98 -7.78     0 0  0   .000  0   .000                    
                                                                              
    RESULT:
       573.3890  7.83 -5.98 -7.78  2.71       .90   -11.857

                 Vturb, EW(mA) =    6.100      9.00

                   i   logN(0)     logN(12)   EW(mA)   logTau
